# First run with errors

STEP-LINT-YAML-FILES

./invalid.yaml
1:1 warning missing document start "---" (document-start)
6:8 error wrong indentation: expected 2 but found 7 (indentation)
7:5 error syntax error: expected <block end>, but found '<block sequence start>' (syntax)
8:3 error wrong indentation: expected 0 but found 2 (indentation)
18:25 warning too few spaces before comment (comments)
18:26 warning missing starting space in comment (comments)
./valid.yaml
1:1 warning missing document start "---" (document-start)
18:25 warning too few spaces before comment (comments)
18:26 warning missing starting space in comment (comments)

# Second run with fixes


STEP-LINT-YAML-FILES

./invalid.yaml
1:1 warning missing document start "---" (document-start)
18:25 warning too few spaces before comment (comments)
18:26 warning missing starting space in comment (comments)
./valid.yaml
1:1 warning missing document start "---" (document-start)
18:25 warning too few spaces before comment (comments)
18:26 warning missing starting space in comment (comments)